Watching for file changes with StatReloader
[04/May/2026 12:31:02] "GET /api/services/ HTTP/1.1" 200 2057
[04/May/2026 12:31:02,341] - Broken pipe from ('127.0.0.1', 54837)
[04/May/2026 12:31:15] "GET /api/services/ HTTP/1.1" 200 2057
[04/May/2026 12:31:15,514] - Broken pipe from ('127.0.0.1', 54864)
C:\Users\LENOVO\AppData\Roaming\Python\Python312\site-packages\jwt\api_jwt.py:147: InsecureKeyLengthWarning: The HMAC key is 19 bytes long, which is below the minimum recommended length of 32 bytes for SHA256. See RFC 7518 Section 3.2.
  return self._jws.encode(
[04/May/2026 12:31:36] "POST /api/auth/login/ HTTP/1.1" 200 736
[04/May/2026 12:31:36] "POST /api/auth/login/ HTTP/1.1" 200 731
C:\Users\LENOVO\AppData\Roaming\Python\Python312\site-packages\jwt\api_jwt.py:365: InsecureKeyLengthWarning: The HMAC key is 19 bytes long, which is below the minimum recommended length of 32 bytes for SHA256. See RFC 7518 Section 3.2.
  decoded = self.decode_complete(
[04/May/2026 12:31:36] "POST /api/auth/login/ HTTP/1.1" 200 736
[04/May/2026 12:31:36] "POST /api/auth/login/ HTTP/1.1" 200 746
[04/May/2026 12:31:36] "GET /api/admin/orders/ HTTP/1.1" 200 2586
[04/May/2026 12:31:36] "GET /api/admin/orders/ HTTP/1.1" 200 2586
[04/May/2026 12:31:36] "GET /api/provider/orders/ HTTP/1.1" 200 1469
[04/May/2026 12:31:36] "GET /api/customer/orders/ HTTP/1.1" 200 2586
[04/May/2026 12:31:36,541] - Broken pipe from ('127.0.0.1', 54901)
[04/May/2026 12:31:36,544] - Broken pipe from ('127.0.0.1', 54903)
[04/May/2026 12:31:36,557] - Broken pipe from ('127.0.0.1', 54904)
[04/May/2026 12:31:36,566] - Broken pipe from ('127.0.0.1', 54902)
D:\ghassan\backend\services\serializers.py changed, reloading.
Watching for file changes with StatReloader
D:\ghassan\backend\services\serializers.py changed, reloading.
Watching for file changes with StatReloader
[04/May/2026 14:02:29] "GET /api/services/ HTTP/1.1" 200 2057
[04/May/2026 14:02:29,682] - Broken pipe from ('127.0.0.1', 60281)
C:\Users\LENOVO\AppData\Roaming\Python\Python312\site-packages\jwt\api_jwt.py:147: InsecureKeyLengthWarning: The HMAC key is 19 bytes long, which is below the minimum recommended length of 32 bytes for SHA256. See RFC 7518 Section 3.2.
  return self._jws.encode(
[04/May/2026 14:02:29] "POST /api/auth/login/ HTTP/1.1" 200 731
[04/May/2026 14:02:29,959] - Broken pipe from ('127.0.0.1', 60282)
D:\ghassan\backend\orders\models.py changed, reloading.
Watching for file changes with StatReloader
D:\ghassan\backend\orders\serializers.py changed, reloading.
Watching for file changes with StatReloader
D:\ghassan\backend\orders\services.py changed, reloading.
Watching for file changes with StatReloader
D:\ghassan\backend\documents\services.py changed, reloading.
Watching for file changes with StatReloader
D:\ghassan\backend\orders\serializers.py changed, reloading.
Watching for file changes with StatReloader
D:\ghassan\backend\config\permissions.py changed, reloading.
Watching for file changes with StatReloader
D:\ghassan\backend\accounts\role_groups.py changed, reloading.
Watching for file changes with StatReloader
D:\ghassan\backend\orders\views.py changed, reloading.
Watching for file changes with StatReloader
D:\ghassan\backend\orders\urls.py changed, reloading.
Watching for file changes with StatReloader
D:\ghassan\backend\orders\services.py changed, reloading.
Watching for file changes with StatReloader
D:\ghassan\backend\workflow\rules.py changed, reloading.
Watching for file changes with StatReloader
D:\ghassan\backend\workflow\transition_permissions.py changed, reloading.
Watching for file changes with StatReloader
D:\ghassan\backend\workflow\rules.py changed, reloading.
Watching for file changes with StatReloader
D:\ghassan\backend\workflow\transition_permissions.py changed, reloading.
Watching for file changes with StatReloader
D:\ghassan\backend\documents\services.py changed, reloading.
Watching for file changes with StatReloader
D:\ghassan\backend\accounts\serializers.py changed, reloading.
Watching for file changes with StatReloader
D:\ghassan\backend\services\serializers.py changed, reloading.
Watching for file changes with StatReloader
D:\ghassan\backend\orders\serializers.py changed, reloading.
Watching for file changes with StatReloader
Exception in thread django-main-thread:
Traceback (most recent call last):
  File "C:\ProgramData\miniforge3\Lib\threading.py", line 1075, in _bootstrap_inner
    self.run()
  File "C:\ProgramData\miniforge3\Lib\threading.py", line 1012, in run
    self._target(*self._args, **self._kwargs)
  File "C:\Users\LENOVO\AppData\Roaming\Python\Python312\site-packages\django\utils\autoreload.py", line 64, in wrapper
    fn(*args, **kwargs)
  File "C:\Users\LENOVO\AppData\Roaming\Python\Python312\site-packages\django\core\management\commands\runserver.py", line 134, in inner_run
    self.check(**check_kwargs)
  File "C:\Users\LENOVO\AppData\Roaming\Python\Python312\site-packages\django\core\management\base.py", line 496, in check
    all_issues = checks.run_checks(
                 ^^^^^^^^^^^^^^^^^^
  File "C:\Users\LENOVO\AppData\Roaming\Python\Python312\site-packages\django\core\checks\registry.py", line 89, in run_checks
    new_errors = check(app_configs=app_configs, databases=databases)
                 ^^^^^^^^^^^^^^^^^^^^^^^^^^^^^^^^^^^^^^^^^^^^^^^^^^^
  File "C:\Users\LENOVO\AppData\Roaming\Python\Python312\site-packages\django\core\checks\urls.py", line 136, in check_custom_error_handlers
    handler = resolver.resolve_error_handler(status_code)
              ^^^^^^^^^^^^^^^^^^^^^^^^^^^^^^^^^^^^^^^^^^^
  File "C:\Users\LENOVO\AppData\Roaming\Python\Python312\site-packages\django\urls\resolvers.py", line 732, in resolve_error_handler
    callback = getattr(self.urlconf_module, "handler%s" % view_type, None)
                       ^^^^^^^^^^^^^^^^^^^
  File "C:\Users\LENOVO\AppData\Roaming\Python\Python312\site-packages\django\utils\functional.py", line 47, in __get__
    res = instance.__dict__[self.name] = self.func(instance)
                                         ^^^^^^^^^^^^^^^^^^^
  File "C:\Users\LENOVO\AppData\Roaming\Python\Python312\site-packages\django\urls\resolvers.py", line 711, in urlconf_module
    return import_module(self.urlconf_name)
           ^^^^^^^^^^^^^^^^^^^^^^^^^^^^^^^^
  File "C:\ProgramData\miniforge3\Lib\importlib\__init__.py", line 90, in import_module
    return _bootstrap._gcd_import(name[level:], package, level)
           ^^^^^^^^^^^^^^^^^^^^^^^^^^^^^^^^^^^^^^^^^^^^^^^^^^^^
  File "<frozen importlib._bootstrap>", line 1387, in _gcd_import
  File "<frozen importlib._bootstrap>", line 1360, in _find_and_load
  File "<frozen importlib._bootstrap>", line 1331, in _find_and_load_unlocked
  File "<frozen importlib._bootstrap>", line 935, in _load_unlocked
  File "<frozen importlib._bootstrap_external>", line 999, in exec_module
  File "<frozen importlib._bootstrap>", line 488, in _call_with_frames_removed
  File "D:\ghassan\backend\config\urls.py", line 10, in <module>
    path("api/", include("orders.urls")),
                 ^^^^^^^^^^^^^^^^^^^^^^
  File "C:\Users\LENOVO\AppData\Roaming\Python\Python312\site-packages\django\urls\conf.py", line 39, in include
    urlconf_module = import_module(urlconf_module)
                     ^^^^^^^^^^^^^^^^^^^^^^^^^^^^^
  File "C:\ProgramData\miniforge3\Lib\importlib\__init__.py", line 90, in import_module
    return _bootstrap._gcd_import(name[level:], package, level)
           ^^^^^^^^^^^^^^^^^^^^^^^^^^^^^^^^^^^^^^^^^^^^^^^^^^^^
  File "<frozen importlib._bootstrap>", line 1387, in _gcd_import
  File "<frozen importlib._bootstrap>", line 1360, in _find_and_load
  File "<frozen importlib._bootstrap>", line 1331, in _find_and_load_unlocked
  File "<frozen importlib._bootstrap>", line 935, in _load_unlocked
  File "<frozen importlib._bootstrap_external>", line 999, in exec_module
  File "<frozen importlib._bootstrap>", line 488, in _call_with_frames_removed
  File "D:\ghassan\backend\orders\urls.py", line 3, in <module>
    from orders.views import (
  File "D:\ghassan\backend\orders\views.py", line 23, in <module>
    from orders.serializers import (
  File "D:\ghassan\backend\orders\serializers.py", line 226, in <module>
    class OrderIssueAdminSerializer(serializers.ModelSerializer):
  File "D:\ghassan\backend\orders\serializers.py", line 227, in OrderIssueAdminSerializer
    class Meta:
  File "D:\ghassan\backend\orders\serializers.py", line 228, in Meta
    model = OrderIssue
            ^^^^^^^^^^
NameError: name 'OrderIssue' is not defined
D:\ghassan\backend\orders\serializers.py changed, reloading.
Watching for file changes with StatReloader
D:\ghassan\backend\documents\serializers.py changed, reloading.
Watching for file changes with StatReloader
D:\ghassan\backend\notifications\serializers.py changed, reloading.
Watching for file changes with StatReloader
D:\ghassan\backend\payment\serializers.py changed, reloading.
Watching for file changes with StatReloader
D:\ghassan\backend\accounts\views.py changed, reloading.
Watching for file changes with StatReloader
D:\ghassan\backend\accounts\urls.py changed, reloading.
Watching for file changes with StatReloader
D:\ghassan\backend\services\views.py changed, reloading.
Watching for file changes with StatReloader
D:\ghassan\backend\services\urls.py changed, reloading.
Watching for file changes with StatReloader
D:\ghassan\backend\orders\views.py changed, reloading.
Watching for file changes with StatReloader
D:\ghassan\backend\orders\views.py changed, reloading.
Watching for file changes with StatReloader
D:\ghassan\backend\orders\urls.py changed, reloading.
Watching for file changes with StatReloader
D:\ghassan\backend\documents\views.py changed, reloading.
Watching for file changes with StatReloader
D:\ghassan\backend\documents\urls.py changed, reloading.
Watching for file changes with StatReloader
D:\ghassan\backend\notifications\views.py changed, reloading.
Watching for file changes with StatReloader
D:\ghassan\backend\notifications\urls.py changed, reloading.
Watching for file changes with StatReloader
D:\ghassan\backend\payment\views.py changed, reloading.
Watching for file changes with StatReloader
D:\ghassan\backend\payment\views.py changed, reloading.
Watching for file changes with StatReloader
D:\ghassan\backend\payment\views.py changed, reloading.
Watching for file changes with StatReloader
D:\ghassan\backend\services\models.py changed, reloading.
Watching for file changes with StatReloader
