Performing system checks...

System check identified no issues (0 silenced).
May 04, 2026 - 12:30:59
Django version 5.2.13, using settings 'config.settings'
Starting development server at http://127.0.0.1:8001/
Quit the server with CTRL-BREAK.

WARNING: This is a development server. Do not use it in a production setting. Use a production WSGI or ASGI server instead.
For more information on production servers see: https://docs.djangoproject.com/en/5.2/howto/deployment/
Performing system checks...

System check identified no issues (0 silenced).
May 04, 2026 - 13:52:18
Django version 5.2.13, using settings 'config.settings'
Starting development server at http://127.0.0.1:8001/
Quit the server with CTRL-BREAK.

WARNING: This is a development server. Do not use it in a production setting. Use a production WSGI or ASGI server instead.
For more information on production servers see: https://docs.djangoproject.com/en/5.2/howto/deployment/
Performing system checks...

System check identified no issues (0 silenced).
May 04, 2026 - 13:52:30
Django version 5.2.13, using settings 'config.settings'
Starting development server at http://127.0.0.1:8001/
Quit the server with CTRL-BREAK.

WARNING: This is a development server. Do not use it in a production setting. Use a production WSGI or ASGI server instead.
For more information on production servers see: https://docs.djangoproject.com/en/5.2/howto/deployment/
Performing system checks...

System check identified no issues (0 silenced).
May 04, 2026 - 14:21:09
Django version 5.2.13, using settings 'config.settings'
Starting development server at http://127.0.0.1:8001/
Quit the server with CTRL-BREAK.

WARNING: This is a development server. Do not use it in a production setting. Use a production WSGI or ASGI server instead.
For more information on production servers see: https://docs.djangoproject.com/en/5.2/howto/deployment/
Performing system checks...

System check identified no issues (0 silenced).
May 04, 2026 - 14:21:17
Django version 5.2.13, using settings 'config.settings'
Starting development server at http://127.0.0.1:8001/
Quit the server with CTRL-BREAK.

WARNING: This is a development server. Do not use it in a production setting. Use a production WSGI or ASGI server instead.
For more information on production servers see: https://docs.djangoproject.com/en/5.2/howto/deployment/
Performing system checks...

System check identified no issues (0 silenced).
May 04, 2026 - 14:21:49
Django version 5.2.13, using settings 'config.settings'
Starting development server at http://127.0.0.1:8001/
Quit the server with CTRL-BREAK.

WARNING: This is a development server. Do not use it in a production setting. Use a production WSGI or ASGI server instead.
For more information on production servers see: https://docs.djangoproject.com/en/5.2/howto/deployment/
Performing system checks...

System check identified no issues (0 silenced).
May 04, 2026 - 14:22:03
Django version 5.2.13, using settings 'config.settings'
Starting development server at http://127.0.0.1:8001/
Quit the server with CTRL-BREAK.

WARNING: This is a development server. Do not use it in a production setting. Use a production WSGI or ASGI server instead.
For more information on production servers see: https://docs.djangoproject.com/en/5.2/howto/deployment/
Performing system checks...

System check identified no issues (0 silenced).
May 04, 2026 - 14:22:09
Django version 5.2.13, using settings 'config.settings'
Starting development server at http://127.0.0.1:8001/
Quit the server with CTRL-BREAK.

WARNING: This is a development server. Do not use it in a production setting. Use a production WSGI or ASGI server instead.
For more information on production servers see: https://docs.djangoproject.com/en/5.2/howto/deployment/
Performing system checks...

System check identified no issues (0 silenced).
May 04, 2026 - 14:22:14
Django version 5.2.13, using settings 'config.settings'
Starting development server at http://127.0.0.1:8001/
Quit the server with CTRL-BREAK.

WARNING: This is a development server. Do not use it in a production setting. Use a production WSGI or ASGI server instead.
For more information on production servers see: https://docs.djangoproject.com/en/5.2/howto/deployment/
Performing system checks...

System check identified no issues (0 silenced).
May 04, 2026 - 14:22:19
Django version 5.2.13, using settings 'config.settings'
Starting development server at http://127.0.0.1:8001/
Quit the server with CTRL-BREAK.

WARNING: This is a development server. Do not use it in a production setting. Use a production WSGI or ASGI server instead.
For more information on production servers see: https://docs.djangoproject.com/en/5.2/howto/deployment/
Performing system checks...

System check identified no issues (0 silenced).
May 04, 2026 - 14:22:33
Django version 5.2.13, using settings 'config.settings'
Starting development server at http://127.0.0.1:8001/
Quit the server with CTRL-BREAK.

WARNING: This is a development server. Do not use it in a production setting. Use a production WSGI or ASGI server instead.
For more information on production servers see: https://docs.djangoproject.com/en/5.2/howto/deployment/
Performing system checks...

System check identified no issues (0 silenced).
May 04, 2026 - 14:22:55
Django version 5.2.13, using settings 'config.settings'
Starting development server at http://127.0.0.1:8001/
Quit the server with CTRL-BREAK.

WARNING: This is a development server. Do not use it in a production setting. Use a production WSGI or ASGI server instead.
For more information on production servers see: https://docs.djangoproject.com/en/5.2/howto/deployment/
Performing system checks...

System check identified no issues (0 silenced).
May 04, 2026 - 14:23:14
Django version 5.2.13, using settings 'config.settings'
Starting development server at http://127.0.0.1:8001/
Quit the server with CTRL-BREAK.

WARNING: This is a development server. Do not use it in a production setting. Use a production WSGI or ASGI server instead.
For more information on production servers see: https://docs.djangoproject.com/en/5.2/howto/deployment/
Performing system checks...

System check identified no issues (0 silenced).
May 04, 2026 - 14:24:57
Django version 5.2.13, using settings 'config.settings'
Starting development server at http://127.0.0.1:8001/
Quit the server with CTRL-BREAK.

WARNING: This is a development server. Do not use it in a production setting. Use a production WSGI or ASGI server instead.
For more information on production servers see: https://docs.djangoproject.com/en/5.2/howto/deployment/
Performing system checks...

System check identified no issues (0 silenced).
May 04, 2026 - 14:25:02
Django version 5.2.13, using settings 'config.settings'
Starting development server at http://127.0.0.1:8001/
Quit the server with CTRL-BREAK.

WARNING: This is a development server. Do not use it in a production setting. Use a production WSGI or ASGI server instead.
For more information on production servers see: https://docs.djangoproject.com/en/5.2/howto/deployment/
Performing system checks...

System check identified no issues (0 silenced).
May 04, 2026 - 14:25:43
Django version 5.2.13, using settings 'config.settings'
Starting development server at http://127.0.0.1:8001/
Quit the server with CTRL-BREAK.

WARNING: This is a development server. Do not use it in a production setting. Use a production WSGI or ASGI server instead.
For more information on production servers see: https://docs.djangoproject.com/en/5.2/howto/deployment/
Performing system checks...

System check identified no issues (0 silenced).
May 04, 2026 - 14:25:48
Django version 5.2.13, using settings 'config.settings'
Starting development server at http://127.0.0.1:8001/
Quit the server with CTRL-BREAK.

WARNING: This is a development server. Do not use it in a production setting. Use a production WSGI or ASGI server instead.
For more information on production servers see: https://docs.djangoproject.com/en/5.2/howto/deployment/
Performing system checks...

System check identified no issues (0 silenced).
May 04, 2026 - 14:25:56
Django version 5.2.13, using settings 'config.settings'
Starting development server at http://127.0.0.1:8001/
Quit the server with CTRL-BREAK.

WARNING: This is a development server. Do not use it in a production setting. Use a production WSGI or ASGI server instead.
For more information on production servers see: https://docs.djangoproject.com/en/5.2/howto/deployment/
Performing system checks...

System check identified no issues (0 silenced).
May 04, 2026 - 14:39:26
Django version 5.2.13, using settings 'config.settings'
Starting development server at http://127.0.0.1:8001/
Quit the server with CTRL-BREAK.

WARNING: This is a development server. Do not use it in a production setting. Use a production WSGI or ASGI server instead.
For more information on production servers see: https://docs.djangoproject.com/en/5.2/howto/deployment/
Performing system checks...

System check identified no issues (0 silenced).
May 04, 2026 - 14:39:31
Django version 5.2.13, using settings 'config.settings'
Starting development server at http://127.0.0.1:8001/
Quit the server with CTRL-BREAK.

WARNING: This is a development server. Do not use it in a production setting. Use a production WSGI or ASGI server instead.
For more information on production servers see: https://docs.djangoproject.com/en/5.2/howto/deployment/
Performing system checks...

Performing system checks...

System check identified no issues (0 silenced).
May 04, 2026 - 14:39:47
Django version 5.2.13, using settings 'config.settings'
Starting development server at http://127.0.0.1:8001/
Quit the server with CTRL-BREAK.

WARNING: This is a development server. Do not use it in a production setting. Use a production WSGI or ASGI server instead.
For more information on production servers see: https://docs.djangoproject.com/en/5.2/howto/deployment/
Performing system checks...

System check identified no issues (0 silenced).
May 04, 2026 - 14:39:52
Django version 5.2.13, using settings 'config.settings'
Starting development server at http://127.0.0.1:8001/
Quit the server with CTRL-BREAK.

WARNING: This is a development server. Do not use it in a production setting. Use a production WSGI or ASGI server instead.
For more information on production servers see: https://docs.djangoproject.com/en/5.2/howto/deployment/
Performing system checks...

System check identified no issues (0 silenced).
May 04, 2026 - 14:39:57
Django version 5.2.13, using settings 'config.settings'
Starting development server at http://127.0.0.1:8001/
Quit the server with CTRL-BREAK.

WARNING: This is a development server. Do not use it in a production setting. Use a production WSGI or ASGI server instead.
For more information on production servers see: https://docs.djangoproject.com/en/5.2/howto/deployment/
Performing system checks...

System check identified no issues (0 silenced).
May 04, 2026 - 14:40:03
Django version 5.2.13, using settings 'config.settings'
Starting development server at http://127.0.0.1:8001/
Quit the server with CTRL-BREAK.

WARNING: This is a development server. Do not use it in a production setting. Use a production WSGI or ASGI server instead.
For more information on production servers see: https://docs.djangoproject.com/en/5.2/howto/deployment/
Performing system checks...

System check identified no issues (0 silenced).
May 04, 2026 - 14:40:09
Django version 5.2.13, using settings 'config.settings'
Starting development server at http://127.0.0.1:8001/
Quit the server with CTRL-BREAK.

WARNING: This is a development server. Do not use it in a production setting. Use a production WSGI or ASGI server instead.
For more information on production servers see: https://docs.djangoproject.com/en/5.2/howto/deployment/
Performing system checks...

System check identified no issues (0 silenced).
May 04, 2026 - 14:40:15
Django version 5.2.13, using settings 'config.settings'
Starting development server at http://127.0.0.1:8001/
Quit the server with CTRL-BREAK.

WARNING: This is a development server. Do not use it in a production setting. Use a production WSGI or ASGI server instead.
For more information on production servers see: https://docs.djangoproject.com/en/5.2/howto/deployment/
Performing system checks...

System check identified no issues (0 silenced).
May 04, 2026 - 14:40:25
Django version 5.2.13, using settings 'config.settings'
Starting development server at http://127.0.0.1:8001/
Quit the server with CTRL-BREAK.

WARNING: This is a development server. Do not use it in a production setting. Use a production WSGI or ASGI server instead.
For more information on production servers see: https://docs.djangoproject.com/en/5.2/howto/deployment/
Performing system checks...

System check identified no issues (0 silenced).
May 04, 2026 - 14:40:31
Django version 5.2.13, using settings 'config.settings'
Starting development server at http://127.0.0.1:8001/
Quit the server with CTRL-BREAK.

WARNING: This is a development server. Do not use it in a production setting. Use a production WSGI or ASGI server instead.
For more information on production servers see: https://docs.djangoproject.com/en/5.2/howto/deployment/
Performing system checks...

System check identified no issues (0 silenced).
May 04, 2026 - 14:40:48
Django version 5.2.13, using settings 'config.settings'
Starting development server at http://127.0.0.1:8001/
Quit the server with CTRL-BREAK.

WARNING: This is a development server. Do not use it in a production setting. Use a production WSGI or ASGI server instead.
For more information on production servers see: https://docs.djangoproject.com/en/5.2/howto/deployment/
Performing system checks...

System check identified no issues (0 silenced).
May 04, 2026 - 14:41:08
Django version 5.2.13, using settings 'config.settings'
Starting development server at http://127.0.0.1:8001/
Quit the server with CTRL-BREAK.

WARNING: This is a development server. Do not use it in a production setting. Use a production WSGI or ASGI server instead.
For more information on production servers see: https://docs.djangoproject.com/en/5.2/howto/deployment/
Performing system checks...

System check identified no issues (0 silenced).
May 04, 2026 - 14:41:17
Django version 5.2.13, using settings 'config.settings'
Starting development server at http://127.0.0.1:8001/
Quit the server with CTRL-BREAK.

WARNING: This is a development server. Do not use it in a production setting. Use a production WSGI or ASGI server instead.
For more information on production servers see: https://docs.djangoproject.com/en/5.2/howto/deployment/
Performing system checks...

System check identified no issues (0 silenced).
May 04, 2026 - 14:41:25
Django version 5.2.13, using settings 'config.settings'
Starting development server at http://127.0.0.1:8001/
Quit the server with CTRL-BREAK.

WARNING: This is a development server. Do not use it in a production setting. Use a production WSGI or ASGI server instead.
For more information on production servers see: https://docs.djangoproject.com/en/5.2/howto/deployment/
Performing system checks...

System check identified no issues (0 silenced).
May 04, 2026 - 14:41:33
Django version 5.2.13, using settings 'config.settings'
Starting development server at http://127.0.0.1:8001/
Quit the server with CTRL-BREAK.

WARNING: This is a development server. Do not use it in a production setting. Use a production WSGI or ASGI server instead.
For more information on production servers see: https://docs.djangoproject.com/en/5.2/howto/deployment/
Performing system checks...

System check identified no issues (0 silenced).
May 04, 2026 - 14:41:44
Django version 5.2.13, using settings 'config.settings'
Starting development server at http://127.0.0.1:8001/
Quit the server with CTRL-BREAK.

WARNING: This is a development server. Do not use it in a production setting. Use a production WSGI or ASGI server instead.
For more information on production servers see: https://docs.djangoproject.com/en/5.2/howto/deployment/
Performing system checks...

System check identified no issues (0 silenced).
May 04, 2026 - 14:41:52
Django version 5.2.13, using settings 'config.settings'
Starting development server at http://127.0.0.1:8001/
Quit the server with CTRL-BREAK.

WARNING: This is a development server. Do not use it in a production setting. Use a production WSGI or ASGI server instead.
For more information on production servers see: https://docs.djangoproject.com/en/5.2/howto/deployment/
Performing system checks...

System check identified no issues (0 silenced).
May 04, 2026 - 14:42:04
Django version 5.2.13, using settings 'config.settings'
Starting development server at http://127.0.0.1:8001/
Quit the server with CTRL-BREAK.

WARNING: This is a development server. Do not use it in a production setting. Use a production WSGI or ASGI server instead.
For more information on production servers see: https://docs.djangoproject.com/en/5.2/howto/deployment/
Performing system checks...

System check identified no issues (0 silenced).
May 04, 2026 - 14:42:23
Django version 5.2.13, using settings 'config.settings'
Starting development server at http://127.0.0.1:8001/
Quit the server with CTRL-BREAK.

WARNING: This is a development server. Do not use it in a production setting. Use a production WSGI or ASGI server instead.
For more information on production servers see: https://docs.djangoproject.com/en/5.2/howto/deployment/
Performing system checks...

System check identified no issues (0 silenced).
May 04, 2026 - 14:42:39
Django version 5.2.13, using settings 'config.settings'
Starting development server at http://127.0.0.1:8001/
Quit the server with CTRL-BREAK.

WARNING: This is a development server. Do not use it in a production setting. Use a production WSGI or ASGI server instead.
For more information on production servers see: https://docs.djangoproject.com/en/5.2/howto/deployment/
